<?xml version="1.0" encoding="UTF-8"?>
<testsuite xmlns:xsi="http://www.w3.org/2001/XMLSchema-instance" xsi:noNamespaceSchemaLocation="https://maven.apache.org/surefire/maven-surefire-plugin/xsd/surefire-test-report.xsd" name="com.saxon.AppTest" time="0.018" tests="1" errors="0" skipped="0" failures="0">
  <properties>
    <property name="sun.desktop" value="windows"/>
    <property name="awt.toolkit" value="sun.awt.windows.WToolkit"/>
    <property name="file.encoding.pkg" value="sun.io"/>
    <property name="java.specification.version" value="1.8"/>
    <property name="sun.cpu.isalist" value="amd64"/>
    <property name="sun.jnu.encoding" value="GBK"/>
    <property name="java.class.path" value="D:\ideaWorkspace\lovestory\lovestory-component\target\test-classes;D:\ideaWorkspace\lovestory\lovestory-component\target\classes;E:\Mvn_Store\repository\junit\junit\4.11\junit-4.11.jar;E:\Mvn_Store\repository\org\hamcrest\hamcrest-core\1.3\hamcrest-core-1.3.jar;E:\Mvn_Store\repository\org\springframework\boot\spring-boot-starter\1.5.10.RELEASE\spring-boot-starter-1.5.10.RELEASE.jar;E:\Mvn_Store\repository\org\springframework\boot\spring-boot\1.5.10.RELEASE\spring-boot-1.5.10.RELEASE.jar;E:\Mvn_Store\repository\org\springframework\spring-context\4.3.14.RELEASE\spring-context-4.3.14.RELEASE.jar;E:\Mvn_Store\repository\org\springframework\spring-aop\4.3.14.RELEASE\spring-aop-4.3.14.RELEASE.jar;E:\Mvn_Store\repository\org\springframework\spring-expression\4.3.14.RELEASE\spring-expression-4.3.14.RELEASE.jar;E:\Mvn_Store\repository\org\springframework\boot\spring-boot-autoconfigure\1.5.10.RELEASE\spring-boot-autoconfigure-1.5.10.RELEASE.jar;E:\Mvn_Store\repository\org\springframework\boot\spring-boot-starter-logging\1.5.10.RELEASE\spring-boot-starter-logging-1.5.10.RELEASE.jar;E:\Mvn_Store\repository\ch\qos\logback\logback-classic\1.1.11\logback-classic-1.1.11.jar;E:\Mvn_Store\repository\ch\qos\logback\logback-core\1.1.11\logback-core-1.1.11.jar;E:\Mvn_Store\repository\org\slf4j\jcl-over-slf4j\1.7.25\jcl-over-slf4j-1.7.25.jar;E:\Mvn_Store\repository\org\slf4j\jul-to-slf4j\1.7.25\jul-to-slf4j-1.7.25.jar;E:\Mvn_Store\repository\org\slf4j\log4j-over-slf4j\1.7.25\log4j-over-slf4j-1.7.25.jar;E:\Mvn_Store\repository\org\springframework\spring-core\4.3.14.RELEASE\spring-core-4.3.14.RELEASE.jar;E:\Mvn_Store\repository\org\yaml\snakeyaml\1.17\snakeyaml-1.17.jar;E:\Mvn_Store\repository\org\springframework\boot\spring-boot-starter-test\1.5.10.RELEASE\spring-boot-starter-test-1.5.10.RELEASE.jar;E:\Mvn_Store\repository\org\springframework\boot\spring-boot-test\1.5.10.RELEASE\spring-boot-test-1.5.10.RELEASE.jar;E:\Mvn_Store\repository\org\springframework\boot\spring-boot-test-autoconfigure\1.5.10.RELEASE\spring-boot-test-autoconfigure-1.5.10.RELEASE.jar;E:\Mvn_Store\repository\com\jayway\jsonpath\json-path\2.2.0\json-path-2.2.0.jar;E:\Mvn_Store\repository\net\minidev\json-smart\2.2.1\json-smart-2.2.1.jar;E:\Mvn_Store\repository\net\minidev\accessors-smart\1.1\accessors-smart-1.1.jar;E:\Mvn_Store\repository\org\ow2\asm\asm\5.0.3\asm-5.0.3.jar;E:\Mvn_Store\repository\org\slf4j\slf4j-api\1.7.25\slf4j-api-1.7.25.jar;E:\Mvn_Store\repository\org\assertj\assertj-core\2.6.0\assertj-core-2.6.0.jar;E:\Mvn_Store\repository\org\mockito\mockito-core\1.10.19\mockito-core-1.10.19.jar;E:\Mvn_Store\repository\org\objenesis\objenesis\2.1\objenesis-2.1.jar;E:\Mvn_Store\repository\org\hamcrest\hamcrest-library\1.3\hamcrest-library-1.3.jar;E:\Mvn_Store\repository\org\skyscreamer\jsonassert\1.4.0\jsonassert-1.4.0.jar;E:\Mvn_Store\repository\com\vaadin\external\google\android-json\0.0.20131108.vaadin1\android-json-0.0.20131108.vaadin1.jar;E:\Mvn_Store\repository\org\springframework\spring-test\4.3.14.RELEASE\spring-test-4.3.14.RELEASE.jar;E:\Mvn_Store\repository\org\apache\velocity\velocity\1.7\velocity-1.7.jar;E:\Mvn_Store\repository\commons-collections\commons-collections\3.2.2\commons-collections-3.2.2.jar;E:\Mvn_Store\repository\commons-lang\commons-lang\2.4\commons-lang-2.4.jar;E:\Mvn_Store\repository\org\springframework\boot\spring-boot-starter-velocity\1.4.6.RELEASE\spring-boot-starter-velocity-1.4.6.RELEASE.jar;E:\Mvn_Store\repository\org\springframework\boot\spring-boot-starter-web\1.5.10.RELEASE\spring-boot-starter-web-1.5.10.RELEASE.jar;E:\Mvn_Store\repository\org\springframework\boot\spring-boot-starter-tomcat\1.5.10.RELEASE\spring-boot-starter-tomcat-1.5.10.RELEASE.jar;E:\Mvn_Store\repository\org\apache\tomcat\embed\tomcat-embed-core\8.5.27\tomcat-embed-core-8.5.27.jar;E:\Mvn_Store\repository\org\apache\tomcat\tomcat-annotations-api\8.5.27\tomcat-annotations-api-8.5.27.jar;E:\Mvn_Store\repository\org\apache\tomcat\embed\tomcat-embed-el\8.5.27\tomcat-embed-el-8.5.27.jar;E:\Mvn_Store\repository\org\apache\tomcat\embed\tomcat-embed-websocket\8.5.27\tomcat-embed-websocket-8.5.27.jar;E:\Mvn_Store\repository\org\hibernate\hibernate-validator\5.3.6.Final\hibernate-validator-5.3.6.Final.jar;E:\Mvn_Store\repository\javax\validation\validation-api\1.1.0.Final\validation-api-1.1.0.Final.jar;E:\Mvn_Store\repository\org\jboss\logging\jboss-logging\3.3.1.Final\jboss-logging-3.3.1.Final.jar;E:\Mvn_Store\repository\com\fasterxml\classmate\1.3.4\classmate-1.3.4.jar;E:\Mvn_Store\repository\com\fasterxml\jackson\core\jackson-databind\2.8.10\jackson-databind-2.8.10.jar;E:\Mvn_Store\repository\com\fasterxml\jackson\core\jackson-annotations\2.8.0\jackson-annotations-2.8.0.jar;E:\Mvn_Store\repository\com\fasterxml\jackson\core\jackson-core\2.8.10\jackson-core-2.8.10.jar;E:\Mvn_Store\repository\org\springframework\spring-web\4.3.14.RELEASE\spring-web-4.3.14.RELEASE.jar;E:\Mvn_Store\repository\org\springframework\spring-webmvc\4.3.14.RELEASE\spring-webmvc-4.3.14.RELEASE.jar;E:\Mvn_Store\repository\commons-beanutils\commons-beanutils\1.9.3\commons-beanutils-1.9.3.jar;E:\Mvn_Store\repository\commons-digester\commons-digester\2.1\commons-digester-2.1.jar;E:\Mvn_Store\repository\org\apache\velocity\velocity-tools\2.0\velocity-tools-2.0.jar;E:\Mvn_Store\repository\commons-chain\commons-chain\1.1\commons-chain-1.1.jar;E:\Mvn_Store\repository\commons-validator\commons-validator\1.3.1\commons-validator-1.3.1.jar;E:\Mvn_Store\repository\dom4j\dom4j\1.6.1\dom4j-1.6.1.jar;E:\Mvn_Store\repository\xml-apis\xml-apis\1.4.01\xml-apis-1.4.01.jar;E:\Mvn_Store\repository\oro\oro\2.0.8\oro-2.0.8.jar;E:\Mvn_Store\repository\sslext\sslext\1.2-0\sslext-1.2-0.jar;E:\Mvn_Store\repository\org\apache\struts\struts-core\1.3.8\struts-core-1.3.8.jar;E:\Mvn_Store\repository\antlr\antlr\2.7.7\antlr-2.7.7.jar;E:\Mvn_Store\repository\org\apache\struts\struts-taglib\1.3.8\struts-taglib-1.3.8.jar;E:\Mvn_Store\repository\org\apache\struts\struts-tiles\1.3.8\struts-tiles-1.3.8.jar;E:\Mvn_Store\repository\org\springframework\spring-context-support\4.3.14.RELEASE\spring-context-support-4.3.14.RELEASE.jar;E:\Mvn_Store\repository\org\springframework\spring-beans\4.3.14.RELEASE\spring-beans-4.3.14.RELEASE.jar;E:\Mvn_Store\repository\org\springframework\boot\spring-boot-devtools\1.5.10.RELEASE\spring-boot-devtools-1.5.10.RELEASE.jar;"/>
    <property name="java.vm.vendor" value="Oracle Corporation"/>
    <property name="sun.arch.data.model" value="64"/>
    <property name="user.variant" value=""/>
    <property name="java.vendor.url" value="http://java.oracle.com/"/>
    <property name="user.timezone" value=""/>
    <property name="java.vm.specification.version" value="1.8"/>
    <property name="os.name" value="Windows 7"/>
    <property name="user.country" value="CN"/>
    <property name="sun.java.launcher" value="SUN_STANDARD"/>
    <property name="sun.boot.library.path" value="D:\develop\java8\jdk\jre\bin"/>
    <property name="sun.java.command" value="C:\Users\1\AppData\Local\Temp\surefire6340424890388501516\surefirebooter4914206250286259941.jar C:\Users\1\AppData\Local\Temp\surefire6340424890388501516 2018-08-16T14-29-53_852-jvmRun1 surefire739131093205237892tmp surefire_01602517167741802393tmp"/>
    <property name="surefire.test.class.path" value="D:\ideaWorkspace\lovestory\lovestory-component\target\test-classes;D:\ideaWorkspace\lovestory\lovestory-component\target\classes;E:\Mvn_Store\repository\junit\junit\4.11\junit-4.11.jar;E:\Mvn_Store\repository\org\hamcrest\hamcrest-core\1.3\hamcrest-core-1.3.jar;E:\Mvn_Store\repository\org\springframework\boot\spring-boot-starter\1.5.10.RELEASE\spring-boot-starter-1.5.10.RELEASE.jar;E:\Mvn_Store\repository\org\springframework\boot\spring-boot\1.5.10.RELEASE\spring-boot-1.5.10.RELEASE.jar;E:\Mvn_Store\repository\org\springframework\spring-context\4.3.14.RELEASE\spring-context-4.3.14.RELEASE.jar;E:\Mvn_Store\repository\org\springframework\spring-aop\4.3.14.RELEASE\spring-aop-4.3.14.RELEASE.jar;E:\Mvn_Store\repository\org\springframework\spring-expression\4.3.14.RELEASE\spring-expression-4.3.14.RELEASE.jar;E:\Mvn_Store\repository\org\springframework\boot\spring-boot-autoconfigure\1.5.10.RELEASE\spring-boot-autoconfigure-1.5.10.RELEASE.jar;E:\Mvn_Store\repository\org\springframework\boot\spring-boot-starter-logging\1.5.10.RELEASE\spring-boot-starter-logging-1.5.10.RELEASE.jar;E:\Mvn_Store\repository\ch\qos\logback\logback-classic\1.1.11\logback-classic-1.1.11.jar;E:\Mvn_Store\repository\ch\qos\logback\logback-core\1.1.11\logback-core-1.1.11.jar;E:\Mvn_Store\repository\org\slf4j\jcl-over-slf4j\1.7.25\jcl-over-slf4j-1.7.25.jar;E:\Mvn_Store\repository\org\slf4j\jul-to-slf4j\1.7.25\jul-to-slf4j-1.7.25.jar;E:\Mvn_Store\repository\org\slf4j\log4j-over-slf4j\1.7.25\log4j-over-slf4j-1.7.25.jar;E:\Mvn_Store\repository\org\springframework\spring-core\4.3.14.RELEASE\spring-core-4.3.14.RELEASE.jar;E:\Mvn_Store\repository\org\yaml\snakeyaml\1.17\snakeyaml-1.17.jar;E:\Mvn_Store\repository\org\springframework\boot\spring-boot-starter-test\1.5.10.RELEASE\spring-boot-starter-test-1.5.10.RELEASE.jar;E:\Mvn_Store\repository\org\springframework\boot\spring-boot-test\1.5.10.RELEASE\spring-boot-test-1.5.10.RELEASE.jar;E:\Mvn_Store\repository\org\springframework\boot\spring-boot-test-autoconfigure\1.5.10.RELEASE\spring-boot-test-autoconfigure-1.5.10.RELEASE.jar;E:\Mvn_Store\repository\com\jayway\jsonpath\json-path\2.2.0\json-path-2.2.0.jar;E:\Mvn_Store\repository\net\minidev\json-smart\2.2.1\json-smart-2.2.1.jar;E:\Mvn_Store\repository\net\minidev\accessors-smart\1.1\accessors-smart-1.1.jar;E:\Mvn_Store\repository\org\ow2\asm\asm\5.0.3\asm-5.0.3.jar;E:\Mvn_Store\repository\org\slf4j\slf4j-api\1.7.25\slf4j-api-1.7.25.jar;E:\Mvn_Store\repository\org\assertj\assertj-core\2.6.0\assertj-core-2.6.0.jar;E:\Mvn_Store\repository\org\mockito\mockito-core\1.10.19\mockito-core-1.10.19.jar;E:\Mvn_Store\repository\org\objenesis\objenesis\2.1\objenesis-2.1.jar;E:\Mvn_Store\repository\org\hamcrest\hamcrest-library\1.3\hamcrest-library-1.3.jar;E:\Mvn_Store\repository\org\skyscreamer\jsonassert\1.4.0\jsonassert-1.4.0.jar;E:\Mvn_Store\repository\com\vaadin\external\google\android-json\0.0.20131108.vaadin1\android-json-0.0.20131108.vaadin1.jar;E:\Mvn_Store\repository\org\springframework\spring-test\4.3.14.RELEASE\spring-test-4.3.14.RELEASE.jar;E:\Mvn_Store\repository\org\apache\velocity\velocity\1.7\velocity-1.7.jar;E:\Mvn_Store\repository\commons-collections\commons-collections\3.2.2\commons-collections-3.2.2.jar;E:\Mvn_Store\repository\commons-lang\commons-lang\2.4\commons-lang-2.4.jar;E:\Mvn_Store\repository\org\springframework\boot\spring-boot-starter-velocity\1.4.6.RELEASE\spring-boot-starter-velocity-1.4.6.RELEASE.jar;E:\Mvn_Store\repository\org\springframework\boot\spring-boot-starter-web\1.5.10.RELEASE\spring-boot-starter-web-1.5.10.RELEASE.jar;E:\Mvn_Store\repository\org\springframework\boot\spring-boot-starter-tomcat\1.5.10.RELEASE\spring-boot-starter-tomcat-1.5.10.RELEASE.jar;E:\Mvn_Store\repository\org\apache\tomcat\embed\tomcat-embed-core\8.5.27\tomcat-embed-core-8.5.27.jar;E:\Mvn_Store\repository\org\apache\tomcat\tomcat-annotations-api\8.5.27\tomcat-annotations-api-8.5.27.jar;E:\Mvn_Store\repository\org\apache\tomcat\embed\tomcat-embed-el\8.5.27\tomcat-embed-el-8.5.27.jar;E:\Mvn_Store\repository\org\apache\tomcat\embed\tomcat-embed-websocket\8.5.27\tomcat-embed-websocket-8.5.27.jar;E:\Mvn_Store\repository\org\hibernate\hibernate-validator\5.3.6.Final\hibernate-validator-5.3.6.Final.jar;E:\Mvn_Store\repository\javax\validation\validation-api\1.1.0.Final\validation-api-1.1.0.Final.jar;E:\Mvn_Store\repository\org\jboss\logging\jboss-logging\3.3.1.Final\jboss-logging-3.3.1.Final.jar;E:\Mvn_Store\repository\com\fasterxml\classmate\1.3.4\classmate-1.3.4.jar;E:\Mvn_Store\repository\com\fasterxml\jackson\core\jackson-databind\2.8.10\jackson-databind-2.8.10.jar;E:\Mvn_Store\repository\com\fasterxml\jackson\core\jackson-annotations\2.8.0\jackson-annotations-2.8.0.jar;E:\Mvn_Store\repository\com\fasterxml\jackson\core\jackson-core\2.8.10\jackson-core-2.8.10.jar;E:\Mvn_Store\repository\org\springframework\spring-web\4.3.14.RELEASE\spring-web-4.3.14.RELEASE.jar;E:\Mvn_Store\repository\org\springframework\spring-webmvc\4.3.14.RELEASE\spring-webmvc-4.3.14.RELEASE.jar;E:\Mvn_Store\repository\commons-beanutils\commons-beanutils\1.9.3\commons-beanutils-1.9.3.jar;E:\Mvn_Store\repository\commons-digester\commons-digester\2.1\commons-digester-2.1.jar;E:\Mvn_Store\repository\org\apache\velocity\velocity-tools\2.0\velocity-tools-2.0.jar;E:\Mvn_Store\repository\commons-chain\commons-chain\1.1\commons-chain-1.1.jar;E:\Mvn_Store\repository\commons-validator\commons-validator\1.3.1\commons-validator-1.3.1.jar;E:\Mvn_Store\repository\dom4j\dom4j\1.6.1\dom4j-1.6.1.jar;E:\Mvn_Store\repository\xml-apis\xml-apis\1.4.01\xml-apis-1.4.01.jar;E:\Mvn_Store\repository\oro\oro\2.0.8\oro-2.0.8.jar;E:\Mvn_Store\repository\sslext\sslext\1.2-0\sslext-1.2-0.jar;E:\Mvn_Store\repository\org\apache\struts\struts-core\1.3.8\struts-core-1.3.8.jar;E:\Mvn_Store\repository\antlr\antlr\2.7.7\antlr-2.7.7.jar;E:\Mvn_Store\repository\org\apache\struts\struts-taglib\1.3.8\struts-taglib-1.3.8.jar;E:\Mvn_Store\repository\org\apache\struts\struts-tiles\1.3.8\struts-tiles-1.3.8.jar;E:\Mvn_Store\repository\org\springframework\spring-context-support\4.3.14.RELEASE\spring-context-support-4.3.14.RELEASE.jar;E:\Mvn_Store\repository\org\springframework\spring-beans\4.3.14.RELEASE\spring-beans-4.3.14.RELEASE.jar;E:\Mvn_Store\repository\org\springframework\boot\spring-boot-devtools\1.5.10.RELEASE\spring-boot-devtools-1.5.10.RELEASE.jar;"/>
    <property name="sun.cpu.endian" value="little"/>
    <property name="user.home" value="C:\Users\1"/>
    <property name="user.language" value="zh"/>
    <property name="java.specification.vendor" value="Oracle Corporation"/>
    <property name="java.home" value="D:\develop\java8\jdk\jre"/>
    <property name="basedir" value="D:\ideaWorkspace\lovestory\lovestory-component"/>
    <property name="file.separator" value="\"/>
    <property name="line.separator" value="&#10;"/>
    <property name="java.vm.specification.vendor" value="Oracle Corporation"/>
    <property name="java.specification.name" value="Java Platform API Specification"/>
    <property name="java.awt.graphicsenv" value="sun.awt.Win32GraphicsEnvironment"/>
    <property name="surefire.real.class.path" value="C:\Users\1\AppData\Local\Temp\surefire6340424890388501516\surefirebooter4914206250286259941.jar"/>
    <property name="sun.boot.class.path" value="D:\develop\java8\jdk\jre\lib\resources.jar;D:\develop\java8\jdk\jre\lib\rt.jar;D:\develop\java8\jdk\jre\lib\sunrsasign.jar;D:\develop\java8\jdk\jre\lib\jsse.jar;D:\develop\java8\jdk\jre\lib\jce.jar;D:\develop\java8\jdk\jre\lib\charsets.jar;D:\develop\java8\jdk\jre\lib\jfr.jar;D:\develop\java8\jdk\jre\classes"/>
    <property name="user.script" value=""/>
    <property name="sun.management.compiler" value="HotSpot 64-Bit Tiered Compilers"/>
    <property name="java.runtime.version" value="1.8.0_111-b14"/>
    <property name="user.name" value="1"/>
    <property name="path.separator" value=";"/>
    <property name="os.version" value="6.1"/>
    <property name="java.endorsed.dirs" value="D:\develop\java8\jdk\jre\lib\endorsed"/>
    <property name="java.runtime.name" value="Java(TM) SE Runtime Environment"/>
    <property name="file.encoding" value="GBK"/>
    <property name="java.vm.name" value="Java HotSpot(TM) 64-Bit Server VM"/>
    <property name="localRepository" value="E:\Mvn_Store\repository"/>
    <property name="java.vendor.url.bug" value="http://bugreport.sun.com/bugreport/"/>
    <property name="java.io.tmpdir" value="C:\Users\1\AppData\Local\Temp\"/>
    <property name="java.version" value="1.8.0_111"/>
    <property name="user.dir" value="D:\ideaWorkspace\lovestory\lovestory-component"/>
    <property name="os.arch" value="amd64"/>
    <property name="java.vm.specification.name" value="Java Virtual Machine Specification"/>
    <property name="java.awt.printerjob" value="sun.awt.windows.WPrinterJob"/>
    <property name="sun.os.patch.level" value="Service Pack 1"/>
    <property name="java.library.path" value="D:\develop\java8\jdk\jre\bin;C:\Windows\Sun\Java\bin;C:\Windows\system32;C:\Windows;D:\Ruby24-x64\bin;C:\Program Files (x86)\Common Files\NetSarang;C:\ProgramData\Oracle\Java\javapath;D:\develop\java8\jdk\bin;D:\develop\apache-maven-3.5.0\bin;C:\Windows\system32;C:\Windows;C:\Windows\System32\Wbem;C:\Windows\System32\WindowsPowerShell\v1.0\;C:\Program Files\TortoiseSVN\bin;C:\Windows\System32;D:\zookeeper-3.4.8/bin;D:\zookeeper-3.4.8/conf;D:\erl6.1\bin;D:\curl\I386;D:\OpenSSL-Win64\bin;C:\Program Files\nodejs\;C:\Users\1\AppData\Local\Programs\Fiddler;C:\Users\1\AppData\Roaming\npm;."/>
    <property name="java.vm.info" value="mixed mode"/>
    <property name="java.vendor" value="Oracle Corporation"/>
    <property name="java.vm.version" value="25.111-b14"/>
    <property name="java.ext.dirs" value="D:\develop\java8\jdk\jre\lib\ext;C:\Windows\Sun\Java\lib\ext"/>
    <property name="sun.io.unicode.encoding" value="UnicodeLittle"/>
    <property name="java.class.version" value="52.0"/>
  </properties>
  <testcase name="shouldAnswerWithTrue" classname="com.saxon.AppTest" time="0"/>
</testsuite>